loading app ryu-nat/ryu-nat.py
loading app ryu.controller.dpset
loading app ryu.controller.ofp_handler
instantiating app ryu.controller.dpset of DPSet
instantiating app ryu.controller.ofp_handler of OFPHandler
instantiating app ryu-nat/ryu-nat.py of NAT
switch connected 1
switch connected 16
switch connected 2
switch connected 1
switch connected 16
switch connected 2
switch connected 1
switch connected 2
switch connected 16
loading app ryu-nat/ryu-nat.py
loading app ryu.controller.dpset
loading app ryu.controller.ofp_handler
instantiating app ryu.controller.dpset of DPSet
instantiating app ryu.controller.ofp_handler of OFPHandler
instantiating app ryu-nat/ryu-nat.py of NAT
switch connected 1
switch connected 16
switch connected 2
switch connected 1
switch connected 16
switch connected 2
loading app ryu-nat/ryu-nat.py
loading app ryu.controller.dpset
loading app ryu.controller.ofp_handler
instantiating app ryu.controller.dpset of DPSet
instantiating app ryu.controller.ofp_handler of OFPHandler
instantiating app ryu-nat/ryu-nat.py of NAT
switch connected 1
switch connected 16
switch connected 2
NAT: Exception occurred during handler processing. Backtrace from offending handler [_packet_in_handler] servicing event [EventOFPPacketIn] follows.
Traceback (most recent call last):
  File "/usr/local/lib/python2.7/dist-packages/ryu/base/app_manager.py", line 290, in _event_loop
    handler(ev)
  File "/home/mininet/network-skku-/pa4/ryu-nat/ryu-nat.py", line 181, in _packet_in_handler
    src_match = IPNetwork(self.lan_ip_subnet[dpid])
KeyError: 16
NAT: Exception occurred during handler processing. Backtrace from offending handler [_packet_in_handler] servicing event [EventOFPPacketIn] follows.
Traceback (most recent call last):
  File "/usr/local/lib/python2.7/dist-packages/ryu/base/app_manager.py", line 290, in _event_loop
    handler(ev)
  File "/home/mininet/network-skku-/pa4/ryu-nat/ryu-nat.py", line 181, in _packet_in_handler
    src_match = IPNetwork(self.lan_ip_subnet[dpid])
KeyError: 16
switch connected 2
switch connected 16
switch connected 1
NAT: Exception occurred during handler processing. Backtrace from offending handler [_packet_in_handler] servicing event [EventOFPPacketIn] follows.
Traceback (most recent call last):
  File "/usr/local/lib/python2.7/dist-packages/ryu/base/app_manager.py", line 290, in _event_loop
    handler(ev)
  File "/home/mininet/network-skku-/pa4/ryu-nat/ryu-nat.py", line 208, in _packet_in_handler
    if IPAddress(ip.src) in IPNetwork(self.lan_ip_subnet[dpid]) and IPAddress(ip.dst) in IPNetwork(self.lan_ip_subnet[dpid]):
AttributeError: 'NoneType' object has no attribute 'src'
NAT: Exception occurred during handler processing. Backtrace from offending handler [_packet_in_handler] servicing event [EventOFPPacketIn] follows.
Traceback (most recent call last):
  File "/usr/local/lib/python2.7/dist-packages/ryu/base/app_manager.py", line 290, in _event_loop
    handler(ev)
  File "/home/mininet/network-skku-/pa4/ryu-nat/ryu-nat.py", line 208, in _packet_in_handler
    if IPAddress(ip.src) in IPNetwork(self.lan_ip_subnet[dpid]) and IPAddress(ip.dst) in IPNetwork(self.lan_ip_subnet[dpid]):
AttributeError: 'NoneType' object has no attribute 'src'
loading app ryu-nat/ryu-nat.py
loading app ryu.controller.dpset
loading app ryu.controller.ofp_handler
instantiating app ryu.controller.dpset of DPSet
instantiating app ryu.controller.ofp_handler of OFPHandler
instantiating app ryu-nat/ryu-nat.py of NAT
switch connected 16
switch connected 1
switch connected 2
switch connected 16
NAT: Exception occurred during handler processing. Backtrace from offending handler [_packet_in_handler] servicing event [EventOFPPacketIn] follows.
Traceback (most recent call last):
  File "/usr/local/lib/python2.7/dist-packages/ryu/base/app_manager.py", line 290, in _event_loop
    handler(ev)
  File "/home/mininet/network-skku-/pa4/ryu-nat/ryu-nat.py", line 181, in _packet_in_handler
    src_match = IPNetwork(self.lan_ip_subnet[dpid])
KeyError: 1
switch connected 1
switch connected 2
NAT: Exception occurred during handler processing. Backtrace from offending handler [_packet_in_handler] servicing event [EventOFPPacketIn] follows.
Traceback (most recent call last):
  File "/usr/local/lib/python2.7/dist-packages/ryu/base/app_manager.py", line 290, in _event_loop
    handler(ev)
  File "/home/mininet/network-skku-/pa4/ryu-nat/ryu-nat.py", line 208, in _packet_in_handler
    if IPAddress(ip.src) in IPNetwork(self.lan_ip_subnet[dpid]) and IPAddress(ip.dst) in IPNetwork(self.lan_ip_subnet[dpid]):
AttributeError: 'NoneType' object has no attribute 'src'
loading app ryu-nat/ryu-nat.py
loading app ryu.controller.dpset
loading app ryu.controller.ofp_handler
instantiating app ryu.controller.dpset of DPSet
instantiating app ryu.controller.ofp_handler of OFPHandler
instantiating app ryu-nat/ryu-nat.py of NAT
switch connected 1
switch connected 16
switch connected 2
switch connected 2
switch connected 1
switch connected 16
NAT: Exception occurred during handler processing. Backtrace from offending handler [_packet_in_handler] servicing event [EventOFPPacketIn] follows.
Traceback (most recent call last):
  File "/usr/local/lib/python2.7/dist-packages/ryu/base/app_manager.py", line 290, in _event_loop
    handler(ev)
  File "/home/mininet/network-skku-/pa4/ryu-nat/ryu-nat.py", line 208, in _packet_in_handler
    if IPAddress(ip.src) in IPNetwork(self.lan_ip_subnet[dpid]) and IPAddress(ip.dst) in IPNetwork(self.lan_ip_subnet[dpid]):
AttributeError: 'NoneType' object has no attribute 'src'
loading app ryu-nat/ryu-nat.py
loading app ryu.controller.dpset
loading app ryu.controller.ofp_handler
instantiating app ryu.controller.dpset of DPSet
instantiating app ryu.controller.ofp_handler of OFPHandler
instantiating app ryu-nat/ryu-nat.py of NAT
switch connected 16
switch connected 1
switch connected 2
switch connected 2
switch connected 1
switch connected 16
NAT: Exception occurred during handler processing. Backtrace from offending handler [_packet_in_handler] servicing event [EventOFPPacketIn] follows.
Traceback (most recent call last):
  File "/usr/local/lib/python2.7/dist-packages/ryu/base/app_manager.py", line 290, in _event_loop
    handler(ev)
  File "/home/mininet/network-skku-/pa4/ryu-nat/ryu-nat.py", line 208, in _packet_in_handler
    if IPAddress(ip.src) in IPNetwork(self.lan_ip_subnet[dpid]) and IPAddress(ip.dst) in IPNetwork(self.lan_ip_subnet[dpid]):
AttributeError: 'NoneType' object has no attribute 'src'
loading app ryu-nat/ryu-nat.py
loading app ryu.controller.dpset
loading app ryu.controller.ofp_handler
instantiating app ryu.controller.dpset of DPSet
instantiating app ryu.controller.ofp_handler of OFPHandler
instantiating app ryu-nat/ryu-nat.py of NAT
msg in
msg in
msg in
msg in
handling TCP or UDP
Created mapping: 192.168.2.2 10081 to 10.0.0.2 57326
msg in
local to local
msg in
handling TCP or UDP
outdated!
Created mapping: 192.168.2.2 10081 to 10.0.0.2 51956
msg in
local to local
msg in
msg in
handling TCP or UDP
outdated!
Created mapping: 192.168.2.2 10081 to 10.0.0.2 58667
msg in
local to local
msg in
msg in
local to local
msg in
handling TCP or UDP
convert dst
msg in
msg in
handling TCP or UDP
Created mapping: 192.168.2.3 10081 to 10.0.0.2 50100
msg in
local to local
msg in
local to local
msg in
local to local
msg in
handling TCP or UDP
convert dst
msg in
handling TCP or UDP
convert dst
msg in
msg in
handling TCP or UDP
outdated!
Created mapping: 192.168.2.2 10081 to 10.0.0.2 58604
msg in
local to local
msg in
local to local
msg in
local to local
msg in
local to local
msg in
handling TCP or UDP
convert dst
Dropping msg as dst is not understood
msg in
handling TCP or UDP
convert dst
outdated!
This port is outdated, msg dropped
msg in
handling TCP or UDP
convert dst
msg in
msg in
msg in
handling TCP or UDP
outdated!
Created mapping: 192.168.2.2 10081 to 10.0.0.2 58333
msg in
local to local
msg in
local to local
msg in
local to local
msg in
local to local
msg in
local to local
msg in
handling TCP or UDP
convert dst
Dropping msg as dst is not understood
msg in
handling TCP or UDP
convert dst
Dropping msg as dst is not understood
msg in
handling TCP or UDP
convert dst
Dropping msg as dst is not understood
msg in
handling TCP or UDP
convert dst
msg in
msg in
msg in
handling TCP or UDP
msg in
local to local
msg in
local to local
msg in
local to local
msg in
local to local
msg in
local to local
msg in
local to local
msg in
handling TCP or UDP
convert dst
Dropping msg as dst is not understood
msg in
handling TCP or UDP
convert dst
Dropping msg as dst is not understood
msg in
handling TCP or UDP
convert dst
Dropping msg as dst is not understood
msg in
handling TCP or UDP
convert dst
msg in
handling TCP or UDP
convert dst
msg in
msg in
handling TCP or UDP
Created mapping: 192.168.2.3 10081 to 10.0.0.2 51705
msg in
local to local
msg in
local to local
msg in
local to local
msg in
local to local
msg in
local to local
msg in
local to local
msg in
local to local
msg in
handling TCP or UDP
convert dst
Dropping msg as dst is not understood
msg in
handling TCP or UDP
convert dst
Dropping msg as dst is not understood
msg in
handling TCP or UDP
convert dst
Dropping msg as dst is not understood
msg in
handling TCP or UDP
convert dst
outdated!
This port is outdated, msg dropped
msg in
handling TCP or UDP
convert dst
Dropping msg as dst is not understood
msg in
handling TCP or UDP
convert dst
msg in
msg in
msg in
handling TCP or UDP
Created mapping: 192.168.2.2 10081 to 10.0.0.2 50579
msg in
local to local
msg in
local to local
msg in
handling TCP or UDP
convert dst
msg in
msg in
handling TCP or UDP
outdated!
Created mapping: 192.168.2.3 10081 to 10.0.0.2 57231
msg in
local to local
msg in
local to local
msg in
local to local
msg in
handling TCP or UDP
convert dst
msg in
handling TCP or UDP
convert dst
msg in
msg in
handling TCP or UDP
outdated!
Created mapping: 192.168.2.2 10081 to 10.0.0.2 55175
msg in
local to local
msg in
local to local
msg in
handling TCP or UDP
convert dst
msg in
msg in
msg in
msg in
handling TCP or UDP
Created mapping: 192.168.1.3 10081 to 10.0.0.1 51944
msg in
msg in
handling TCP or UDP
convert dst
msg in
local to local
msg in
local to local
msg in
local to local
msg in
local to local
msg in
local to local
msg in
local to local
msg in
local to local
msg in
local to local
msg in
local to local
msg in
local to local
msg in
local to local
msg in
local to local
msg in
local to local
msg in
local to local
msg in
local to local
msg in
local to local
msg in
local to local
msg in
local to local
msg in
local to local
msg in
local to local
msg in
local to local
msg in
local to local
msg in
local to local
msg in
local to local
msg in
local to local
msg in
local to local
msg in
local to local
msg in
local to local
msg in
local to local
msg in
local to local
msg in
local toswitch connected 16
switch connected 1
switch connected 2
switch connected 16
switch connected 2
switch connected 1
NAT: Exception occurred during handler processing. Backtrace from offending handler [_packet_in_handler] servicing event [EventOFPPacketIn] follows.
Traceback (most recent call last):
  File "/usr/local/lib/python2.7/dist-packages/ryu/base/app_manager.py", line 290, in _event_loop
    handler(ev)
  File "/home/mininet/network-skku-/pa4/ryu-nat/ryu-nat.py", line 208, in _packet_in_handler
    if IPAddress(ip.src) in IPNetwork(self.lan_ip_subnet[dpid]) and IPAddress(ip.dst) in IPNetwork(self.lan_ip_subnet[dpid]):
AttributeError: 'NoneType' object has no attribute 'src'
loading app ryu-nat/ryu-nat.py
loading app ryu.controller.dpset
loading app ryu.controller.ofp_handler
instantiating app ryu.controller.dpset of DPSet
instantiating app ryu.controller.ofp_handler of OFPHandler
instantiating app ryu-nat/ryu-nat.py of NAT
switch connected 16
switch connected 1
switch connected 2
switch connected 16
switch connected 1
switch connected 2
loading app ryu-nat/ryu-nat.py
loading app ryu.controller.dpset
loading app ryu.controller.ofp_handler
instantiating app ryu.controller.dpset of DPSet
instantiating app ryu.controller.ofp_handler of OFPHandler
instantiating app ryu-nat/ryu-nat.py of NAT
switch connected 16
switch connected 1
switch connected 2
